<?xml version="1.0" encoding="UTF-8"?>
<!-- Generated by org.testng.reporters.JUnitReportReporter -->
<testsuite hostname="DESKTOP-O2HH490" failures="0" tests="1" name="tests.WebTableTest" time="6.877" errors="0" timestamp="2025-07-11T16:28:22 ICT" skipped="0">
  <testcase classname="tests.WebTableTest" name="submitSearchBox" time="6.877"/>
  <system-out/>
</testsuite> <!-- tests.WebTableTest -->
