<?xml version="1.0" encoding="UTF-8"?>
<!-- Generated by org.testng.reporters.JUnitReportReporter -->
<testsuite hostname="DESKTOP-O2HH490" failures="0" tests="1" name="tests.DynamicPropertiesTest" time="11.510" errors="0" timestamp="2025-08-15T11:59:20 ICT" skipped="0">
  <testcase classname="tests.DynamicPropertiesTest" name="testDynamicProperties" time="11.510"/>
  <system-out/>
</testsuite> <!-- tests.DynamicPropertiesTest -->
