<?xml version="1.0" encoding="UTF-8"?>
<!-- Generated by org.testng.reporters.JUnitReportReporter -->
<testsuite hostname="DESKTOP-O2HH490" failures="0" tests="1" name="tests.FramesTest" time="9.711" errors="0" timestamp="2025-08-16T18:55:13 ICT" skipped="0">
  <testcase classname="tests.FramesTest" name="testFrames" time="9.711"/>
  <system-out/>
</testsuite> <!-- tests.FramesTest -->
