<?xml version="1.0" encoding="UTF-8"?>
<!-- Generated by org.testng.reporters.JUnitReportReporter -->
<testsuite hostname="DESKTOP-O2HH490" failures="0" tests="1" name="tests.ModalDialogsTest" time="7.244" errors="0" timestamp="2025-08-19T11:58:05 ICT" skipped="0">
  <testcase classname="tests.ModalDialogsTest" name="testSmallModal" time="7.244"/>
  <system-out/>
</testsuite> <!-- tests.ModalDialogsTest -->
