<?xml version="1.0" encoding="UTF-8"?>
<!-- Generated by org.testng.reporters.JUnitReportReporter -->
<testsuite hostname="DESKTOP-O2HH490" failures="0" tests="1" name="tests.WebTablesTest" time="14.753" errors="0" timestamp="2025-08-14T15:26:05 ICT" skipped="0">
  <testcase classname="tests.WebTablesTest" name="testAllWebTables" time="14.753"/>
  <system-out/>
</testsuite> <!-- tests.WebTablesTest -->
