<?xml version="1.0" encoding="UTF-8"?>
<!-- Generated by org.testng.reporters.JUnitReportReporter -->
<testsuite hostname="DESKTOP-O2HH490" failures="0" tests="1" name="tests.AccordianTest" time="6.525" errors="0" timestamp="2025-08-19T16:25:43 ICT" skipped="0">
  <testcase classname="tests.AccordianTest" name="testAccordian" time="6.525"/>
  <system-out/>
</testsuite> <!-- tests.AccordianTest -->
