<?xml version="1.0" encoding="UTF-8"?>
<!-- Generated by org.testng.reporters.JUnitReportReporter -->
<testsuite hostname="DESKTOP-O2HH490" failures="0" tests="1" name="tests.ButtonTest" time="13.881" errors="0" timestamp="2025-07-15T18:04:03 ICT" skipped="0">
  <testcase classname="tests.ButtonTest" name="testDoubleButton" time="13.881"/>
  <system-out/>
</testsuite> <!-- tests.ButtonTest -->
