<?xml version="1.0" encoding="UTF-8"?>
<!-- Generated by org.testng.reporters.JUnitReportReporter -->
<testsuite hostname="DESKTOP-O2HH490" failures="0" tests="4" name="tests.AlertsTest" time="48.114" errors="0" timestamp="2025-08-15T18:38:33 ICT" skipped="0">
  <testcase classname="tests.AlertsTest" name="testTimeAlert" time="10.595"/>
  <system-out/>
  <testcase classname="tests.AlertsTest" name="testClickAlerts" time="5.671"/>
  <system-out/>
  <testcase classname="tests.AlertsTest" name="testPromptAlert" time="6.043"/>
  <system-out/>
  <testcase classname="tests.AlertsTest" name="testConfirmAlert" time="25.805"/>
  <system-out/>
</testsuite> <!-- tests.AlertsTest -->
