<?xml version="1.0" encoding="UTF-8"?>
<!-- Generated by org.testng.reporters.JUnitReportReporter -->
<testsuite hostname="DESKTOP-O2HH490" failures="0" tests="1" name="tests.LinksTest" time="11.423" errors="0" timestamp="2025-08-14T17:28:44 ICT" skipped="0">
  <testcase classname="tests.LinksTest" name="testOpenNewTab" time="11.423"/>
  <system-out/>
</testsuite> <!-- tests.LinksTest -->
