<?xml version="1.0" encoding="UTF-8"?>
<!-- Generated by org.testng.reporters.JUnitReportReporter -->
<testsuite hostname="DESKTOP-O2HH490" failures="0" tests="1" name="tests.RadioButtonTest" time="7.509" errors="0" timestamp="2025-08-14T15:22:48 ICT" skipped="0">
  <testcase classname="tests.RadioButtonTest" name="testClickYesRadioButton" time="7.509"/>
  <system-out/>
</testsuite> <!-- tests.RadioButtonTest -->
