<?xml version="1.0" encoding="UTF-8"?>
<!-- Generated by org.testng.reporters.JUnitReportReporter -->
<testsuite hostname="DESKTOP-O2HH490" failures="0" tests="1" name="tests.NestedFrameTest" time="26.301" errors="0" timestamp="2025-08-18T16:18:41 ICT" skipped="0">
  <testcase classname="tests.NestedFrameTest" name="testNestedFrames" time="26.301"/>
  <system-out/>
</testsuite> <!-- tests.NestedFrameTest -->
