<?xml version="1.0" encoding="UTF-8"?>
<!-- Generated by org.testng.reporters.JUnitReportReporter -->
<testsuite hostname="DESKTOP-O2HH490" failures="0" tests="1" name="tests.UploadAndDownloadTest" time="8.673" errors="0" timestamp="2025-08-14T20:20:01 ICT" skipped="0">
  <testcase classname="tests.UploadAndDownloadTest" name="testClickOnUploadAndDownload" time="8.673"/>
  <system-out/>
</testsuite> <!-- tests.UploadAndDownloadTest -->
