<?xml version="1.0" encoding="UTF-8"?>
<!-- Generated by org.testng.reporters.JUnitReportReporter -->
<testsuite hostname="DESKTOP-O2HH490" failures="0" tests="1" name="tests.BrowserWindowsTest" time="8.786" errors="0" timestamp="2025-08-15T17:06:07 ICT" skipped="0">
  <testcase classname="tests.BrowserWindowsTest" name="testBrowserWindows" time="8.786"/>
  <system-out/>
</testsuite> <!-- tests.BrowserWindowsTest -->
