<?xml version="1.0" encoding="UTF-8"?>
<!-- Generated by org.testng.reporters.JUnitReportReporter -->
<testsuite hostname="DESKTOP-O2HH490" failures="0" tests="1" name="tests.ButtonsTest" time="12.702" errors="0" timestamp="2025-08-14T20:24:54 ICT" skipped="0">
  <testcase classname="tests.ButtonsTest" name="testDoubleClick" time="12.702"/>
  <system-out/>
</testsuite> <!-- tests.ButtonsTest -->
