<?xml version="1.0" encoding="UTF-8"?>
<!-- Generated by org.testng.reporters.JUnitReportReporter -->
<testsuite hostname="DESKTOP-O2HH490" failures="0" tests="1" name="tests.CheckBoxTest" time="13.061" errors="0" timestamp="2025-08-14T15:17:08 ICT" skipped="0">
  <testcase classname="tests.CheckBoxTest" name="testExpandAllCheckBox" time="13.061"/>
  <system-out/>
</testsuite> <!-- tests.CheckBoxTest -->
