<?xml version="1.0" encoding="UTF-8"?>
<!-- Generated by org.testng.reporters.JUnitReportReporter -->
<testsuite hostname="DESKTOP-O2HH490" failures="0" tests="1" name="tests.TextBoxTest" time="8.446" errors="0" timestamp="2025-08-14T15:16:40 ICT" skipped="0">
  <testcase classname="tests.TextBoxTest" name="testSubmit" time="8.446"/>
  <system-out/>
</testsuite> <!-- tests.TextBoxTest -->
