<?xml version="1.0" encoding="UTF-8"?>
<!-- Generated by org.testng.reporters.JUnitReportReporter -->
<testsuite hostname="DESKTOP-O2HH490" failures="0" tests="1" name="tests.RadioButtonTest" time="54.777" errors="1" timestamp="2025-07-10T14:51:55 ICT" skipped="0">
  <testcase classname="tests.RadioButtonTest" name="testClickRadioButton" time="54.777">
    <error type="java.lang.StackOverflowError">
      <![CDATA[java.lang.StackOverflowError
at org.openqa.selenium.SharedCapabilitiesMethods.toString(SharedCapabilitiesMethods.java:83)
at org.openqa.selenium.ImmutableCapabilities.toString(ImmutableCapabilities.java:184)
at org.openqa.selenium.remote.RemoteWebDriver.populateWebDriverException(RemoteWebDriver.java:613)
at org.openqa.selenium.remote.RemoteWebDriver.execute(RemoteWebDriver.java:576)
at org.openqa.selenium.remote.ElementLocation$ElementFinder$2.findElement(ElementLocation.java:165)
at org.openqa.selenium.remote.ElementLocation.findElement(ElementLocation.java:59)
at org.openqa.selenium.remote.RemoteWebDriver.findElement(RemoteWebDriver.java:368)
at org.openqa.selenium.remote.RemoteWebDriver.findElement(RemoteWebDriver.java:362)
at pages.RadioButtonPage.getActualResult(RadioButtonPage.java:18)
at pages.RadioButtonPage.getActualResult(RadioButtonPage.java:19)
at pages.RadioButtonPage.getActualResult(RadioButtonPage.java:19)
at pages.RadioButtonPage.getActualResult(RadioButtonPage.java:19)
at pages.RadioButtonPage.getActualResult(RadioButtonPage.java:19)
at pages.RadioButtonPage.getActualResult(RadioButtonPage.java:19)
at pages.RadioButtonPage.getActualResult(RadioButtonPage.java:19)
at pages.RadioButtonPage.getActualResult(RadioButtonPage.java:19)
at pages.RadioButtonPage.getActualResult(RadioButtonPage.java:19)
at pages.RadioButtonPage.getActualResult(RadioButtonPage.java:19)
at pages.RadioButtonPage.getActualResult(RadioButtonPage.java:19)
at pages.RadioButtonPage.getActualResult(RadioButtonPage.java:19)
at pages.RadioButtonPage.getActualResult(RadioButtonPage.java:19)
at pages.RadioButtonPage.getActualResult(RadioButtonPage.java:19)
at pages.RadioButtonPage.getActualResult(RadioButtonPage.java:19)
at pages.RadioButtonPage.getActualResult(RadioButtonPage.java:19)
at pages.RadioButtonPage.getActualResult(RadioButtonPage.java:19)
at pages.RadioButtonPage.getActualResult(RadioButtonPage.java:19)
at pages.RadioButtonPage.getActualResult(RadioButtonPage.java:19)
at pages.RadioButtonPage.getActualResult(RadioButtonPage.java:19)
at pages.RadioButtonPage.getActualResult(RadioButtonPage.java:19)
at pages.RadioButtonPage.getActualResult(RadioButtonPage.java:19)
at pages.RadioButtonPage.getActualResult(RadioButtonPage.java:19)
at pages.RadioButtonPage.getActualResult(RadioButtonPage.java:19)
at pages.RadioButtonPage.getActualResult(RadioButtonPage.java:19)
at pages.RadioButtonPage.getActualResult(RadioButtonPage.java:19)
at pages.RadioButtonPage.getActualResult(RadioButtonPage.java:19)
at pages.RadioButtonPage.getActualResult(RadioButtonPage.java:19)
at pages.RadioButtonPage.getActualResult(RadioButtonPage.java:19)
at pages.RadioButtonPage.getActualResult(RadioButtonPage.java:19)
at pages.RadioButtonPage.getActualResult(RadioButtonPage.java:19)
at pages.RadioButtonPage.getActualResult(RadioButtonPage.java:19)
at pages.RadioButtonPage.getActualResult(RadioButtonPage.java:19)
at pages.RadioButtonPage.getActualResult(RadioButtonPage.java:19)
at pages.RadioButtonPage.getActualResult(RadioButtonPage.java:19)
at pages.RadioButtonPage.getActualResult(RadioButtonPage.java:19)
at pages.RadioButtonPage.getActualResult(RadioButtonPage.java:19)
at pages.RadioButtonPage.getActualResult(RadioButtonPage.java:19)
at pages.RadioButtonPage.getActualResult(RadioButtonPage.java:19)
at pages.RadioButtonPage.getActualResult(RadioButtonPage.java:19)
at pages.RadioButtonPage.getActualResult(RadioButtonPage.java:19)
at pages.RadioButtonPage.getActualResult(RadioButtonPage.java:19)
at pages.RadioButtonPage.getActualResult(RadioButtonPage.java:19)
at pages.RadioButtonPage.getActualResult(RadioButtonPage.java:19)
at pages.RadioButtonPage.getActualResult(RadioButtonPage.java:19)
at pages.RadioButtonPage.getActualResult(RadioButtonPage.java:19)
at pages.RadioButtonPage.getActualResult(RadioButtonPage.java:19)
at pages.RadioButtonPage.getActualResult(RadioButtonPage.java:19)
at pages.RadioButtonPage.getActualResult(RadioButtonPage.java:19)
at pages.RadioButtonPage.getActualResult(RadioButtonPage.java:19)
at pages.RadioButtonPage.getActualResult(RadioButtonPage.java:19)
at pages.RadioButtonPage.getActualResult(RadioButtonPage.java:19)
at pages.RadioButtonPage.getActualResult(RadioButtonPage.java:19)
at pages.RadioButtonPage.getActualResult(RadioButtonPage.java:19)
at pages.RadioButtonPage.getActualResult(RadioButtonPage.java:19)
at pages.RadioButtonPage.getActualResult(RadioButtonPage.java:19)
at pages.RadioButtonPage.getActualResult(RadioButtonPage.java:19)
at pages.RadioButtonPage.getActualResult(RadioButtonPage.java:19)
at pages.RadioButtonPage.getActualResult(RadioButtonPage.java:19)
at pages.RadioButtonPage.getActualResult(RadioButtonPage.java:19)
at pages.RadioButtonPage.getActualResult(RadioButtonPage.java:19)
at pages.RadioButtonPage.getActualResult(RadioButtonPage.java:19)
at pages.RadioButtonPage.getActualResult(RadioButtonPage.java:19)
at pages.RadioButtonPage.getActualResult(RadioButtonPage.java:19)
at pages.RadioButtonPage.getActualResult(RadioButtonPage.java:19)
at pages.RadioButtonPage.getActualResult(RadioButtonPage.java:19)
at pages.RadioButtonPage.getActualResult(RadioButtonPage.java:19)
at pages.RadioButtonPage.getActualResult(RadioButtonPage.java:19)
at pages.RadioButtonPage.getActualResult(RadioButtonPage.java:19)
at pages.RadioButtonPage.getActualResult(RadioButtonPage.java:19)
at pages.RadioButtonPage.getActualResult(RadioButtonPage.java:19)
at pages.RadioButtonPage.getActualResult(RadioButtonPage.java:19)
at pages.RadioButtonPage.getActualResult(RadioButtonPage.java:19)
at pages.RadioButtonPage.getActualResult(RadioButtonPage.java:19)
at pages.RadioButtonPage.getActualResult(RadioButtonPage.java:19)
at pages.RadioButtonPage.getActualResult(RadioButtonPage.java:19)
at pages.RadioButtonPage.getActualResult(RadioButtonPage.java:19)
at pages.RadioButtonPage.getActualResult(RadioButtonPage.java:19)
at pages.RadioButtonPage.getActualResult(RadioButtonPage.java:19)
at pages.RadioButtonPage.getActualResult(RadioButtonPage.java:19)
at pages.RadioButtonPage.getActualResult(RadioButtonPage.java:19)
at pages.RadioButtonPage.getActualResult(RadioButtonPage.java:19)
at pages.RadioButtonPage.getActualResult(RadioButtonPage.java:19)
at pages.RadioButtonPage.getActualResult(RadioButtonPage.java:19)
at pages.RadioButtonPage.getActualResult(RadioButtonPage.java:19)
at pages.RadioButtonPage.getActualResult(RadioButtonPage.java:19)
at pages.RadioButtonPage.getActualResult(RadioButtonPage.java:19)
at pages.RadioButtonPage.getActualResult(RadioButtonPage.java:19)
at pages.RadioButtonPage.getActualResult(RadioButtonPage.java:19)
at pages.RadioButtonPage.getActualResult(RadioButtonPage.java:19)
at pages.RadioButtonPage.getActualResult(RadioButtonPage.java:19)
at pages.RadioButtonPage.getActualResult(RadioButtonPage.java:19)
at pages.RadioButtonPage.getActualResult(RadioButtonPage.java:19)
at pages.RadioButtonPage.getActualResult(RadioButtonPage.java:19)
at pages.RadioButtonPage.getActualResult(RadioButtonPage.java:19)
at pages.RadioButtonPage.getActualResult(RadioButtonPage.java:19)
at pages.RadioButtonPage.getActualResult(RadioButtonPage.java:19)
at pages.RadioButtonPage.getActualResult(RadioButtonPage.java:19)
at pages.RadioButtonPage.getActualResult(RadioButtonPage.java:19)
at pages.RadioButtonPage.getActualResult(RadioButtonPage.java:19)
at pages.RadioButtonPage.getActualResult(RadioButtonPage.java:19)
at pages.RadioButtonPage.getActualResult(RadioButtonPage.java:19)
at pages.RadioButtonPage.getActualResult(RadioButtonPage.java:19)
at pages.RadioButtonPage.getActualResult(RadioButtonPage.java:19)
at pages.RadioButtonPage.getActualResult(RadioButtonPage.java:19)
at pages.RadioButtonPage.getActualResult(RadioButtonPage.java:19)
at pages.RadioButtonPage.getActualResult(RadioButtonPage.java:19)
at pages.RadioButtonPage.getActualResult(RadioButtonPage.java:19)
at pages.RadioButtonPage.getActualResult(RadioButtonPage.java:19)
at pages.RadioButtonPage.getActualResult(RadioButtonPage.java:19)
at pages.RadioButtonPage.getActualResult(RadioButtonPage.java:19)
at pages.RadioButtonPage.getActualResult(RadioButtonPage.java:19)
at pages.RadioButtonPage.getActualResult(RadioButtonPage.java:19)
at pages.RadioButtonPage.getActualResult(RadioButtonPage.java:19)
at pages.RadioButtonPage.getActualResult(RadioButtonPage.java:19)
at pages.RadioButtonPage.getActualResult(RadioButtonPage.java:19)
at pages.RadioButtonPage.getActualResult(RadioButtonPage.java:19)
at pages.RadioButtonPage.getActualResult(RadioButtonPage.java:19)
at pages.RadioButtonPage.getActualResult(RadioButtonPage.java:19)
at pages.RadioButtonPage.getActualResult(RadioButtonPage.java:19)
at pages.RadioButtonPage.getActualResult(RadioButtonPage.java:19)
at pages.RadioButtonPage.getActualResult(RadioButtonPage.java:19)
at pages.RadioButtonPage.getActualResult(RadioButtonPage.java:19)
at pages.RadioButtonPage.getActualResult(RadioButtonPage.java:19)
at pages.RadioButtonPage.getActualResult(RadioButtonPage.java:19)
at pages.RadioButtonPage.getActualResult(RadioButtonPage.java:19)
at pages.RadioButtonPage.getActualResult(RadioButtonPage.java:19)
at pages.RadioButtonPage.getActualResult(RadioButtonPage.java:19)
at pages.RadioButtonPage.getActualResult(RadioButtonPage.java:19)
at pages.RadioButtonPage.getActualResult(RadioButtonPage.java:19)
at pages.RadioButtonPage.getActualResult(RadioButtonPage.java:19)
at pages.RadioButtonPage.getActualResult(RadioButtonPage.java:19)
at pages.RadioButtonPage.getActualResult(RadioButtonPage.java:19)
at pages.RadioButtonPage.getActualResult(RadioButtonPage.java:19)
at pages.RadioButtonPage.getActualResult(RadioButtonPage.java:19)
at pages.RadioButtonPage.getActualResult(RadioButtonPage.java:19)
at pages.RadioButtonPage.getActualResult(RadioButtonPage.java:19)
at pages.RadioButtonPage.getActualResult(RadioButtonPage.java:19)
at pages.RadioButtonPage.getActualResult(RadioButtonPage.java:19)
at pages.RadioButtonPage.getActualResult(RadioButtonPage.java:19)
at pages.RadioButtonPage.getActualResult(RadioButtonPage.java:19)
at pages.RadioButtonPage.getActualResult(RadioButtonPage.java:19)
at pages.RadioButtonPage.getActualResult(RadioButtonPage.java:19)
at pages.RadioButtonPage.getActualResult(RadioButtonPage.java:19)
at pages.RadioButtonPage.getActualResult(RadioButtonPage.java:19)
at pages.RadioButtonPage.getActualResult(RadioButtonPage.java:19)
at pages.RadioButtonPage.getActualResult(RadioButtonPage.java:19)
at pages.RadioButtonPage.getActualResult(RadioButtonPage.java:19)
at pages.RadioButtonPage.getActualResult(RadioButtonPage.java:19)
at pages.RadioButtonPage.getActualResult(RadioButtonPage.java:19)
at pages.RadioButtonPage.getActualResult(RadioButtonPage.java:19)
at pages.RadioButtonPage.getActualResult(RadioButtonPage.java:19)
at pages.RadioButtonPage.getActualResult(RadioButtonPage.java:19)
at pages.RadioButtonPage.getActualResult(RadioButtonPage.java:19)
at pages.RadioButtonPage.getActualResult(RadioButtonPage.java:19)
at pages.RadioButtonPage.getActualResult(RadioButtonPage.java:19)
at pages.RadioButtonPage.getActualResult(RadioButtonPage.java:19)
at pages.RadioButtonPage.getActualResult(RadioButtonPage.java:19)
at pages.RadioButtonPage.getActualResult(RadioButtonPage.java:19)
at pages.RadioButtonPage.getActualResult(RadioButtonPage.java:19)
at pages.RadioButtonPage.getActualResult(RadioButtonPage.java:19)
at pages.RadioButtonPage.getActualResult(RadioButtonPage.java:19)
at pages.RadioButtonPage.getActualResult(RadioButtonPage.java:19)
at pages.RadioButtonPage.getActualResult(RadioButtonPage.java:19)
at pages.RadioButtonPage.getActualResult(RadioButtonPage.java:19)
at pages.RadioButtonPage.getActualResult(RadioButtonPage.java:19)
at pages.RadioButtonPage.getActualResult(RadioButtonPage.java:19)
at pages.RadioButtonPage.getActualResult(RadioButtonPage.java:19)
at pages.RadioButtonPage.getActualResult(RadioButtonPage.java:19)
at pages.RadioButtonPage.getActualResult(RadioButtonPage.java:19)
at pages.RadioButtonPage.getActualResult(RadioButtonPage.java:19)
at pages.RadioButtonPage.getActualResult(RadioButtonPage.java:19)
at pages.RadioButtonPage.getActualResult(RadioButtonPage.java:19)
at pages.RadioButtonPage.getActualResult(RadioButtonPage.java:19)
at pages.RadioButtonPage.getActualResult(RadioButtonPage.java:19)
at pages.RadioButtonPage.getActualResult(RadioButtonPage.java:19)
at pages.RadioButtonPage.getActualResult(RadioButtonPage.java:19)
at pages.RadioButtonPage.getActualResult(RadioButtonPage.java:19)
at pages.RadioButtonPage.getActualResult(RadioButtonPage.java:19)
at pages.RadioButtonPage.getActualResult(RadioButtonPage.java:19)
at pages.RadioButtonPage.getActualResult(RadioButtonPage.java:19)
at pages.RadioButtonPage.getActualResult(RadioButtonPage.java:19)
at pages.RadioButtonPage.getActualResult(RadioButtonPage.java:19)
at pages.RadioButtonPage.getActualResult(RadioButtonPage.java:19)
at pages.RadioButtonPage.getActualResult(RadioButtonPage.java:19)
at pages.RadioButtonPage.getActualResult(RadioButtonPage.java:19)
at pages.RadioButtonPage.getActualResult(RadioButtonPage.java:19)
at pages.RadioButtonPage.getActualResult(RadioButtonPage.java:19)
at pages.RadioButtonPage.getActualResult(RadioButtonPage.java:19)
at pages.RadioButtonPage.getActualResult(RadioButtonPage.java:19)
at pages.RadioButtonPage.getActualResult(RadioButtonPage.java:19)
at pages.RadioButtonPage.getActualResult(RadioButtonPage.java:19)
at pages.RadioButtonPage.getActualResult(RadioButtonPage.java:19)
at pages.RadioButtonPage.getActualResult(RadioButtonPage.java:19)
at pages.RadioButtonPage.getActualResult(RadioButtonPage.java:19)
at pages.RadioButtonPage.getActualResult(RadioButtonPage.java:19)
at pages.RadioButtonPage.getActualResult(RadioButtonPage.java:19)
at pages.RadioButtonPage.getActualResult(RadioButtonPage.java:19)
at pages.RadioButtonPage.getActualResult(RadioButtonPage.java:19)
at pages.RadioButtonPage.getActualResult(RadioButtonPage.java:19)
at pages.RadioButtonPage.getActualResult(RadioButtonPage.java:19)
at pages.RadioButtonPage.getActualResult(RadioButtonPage.java:19)
at pages.RadioButtonPage.getActualResult(RadioButtonPage.java:19)
at pages.RadioButtonPage.getActualResult(RadioButtonPage.java:19)
at pages.RadioButtonPage.getActualResult(RadioButtonPage.java:19)
at pages.RadioButtonPage.getActualResult(RadioButtonPage.java:19)
at pages.RadioButtonPage.getActualResult(RadioButtonPage.java:19)
at pages.RadioButtonPage.getActualResult(RadioButtonPage.java:19)
at pages.RadioButtonPage.getActualResult(RadioButtonPage.java:19)
at pages.RadioButtonPage.getActualResult(RadioButtonPage.java:19)
at pages.RadioButtonPage.getActualResult(RadioButtonPage.java:19)
at pages.RadioButtonPage.getActualResult(RadioButtonPage.java:19)
at pages.RadioButtonPage.getActualResult(RadioButtonPage.java:19)
at pages.RadioButtonPage.getActualResult(RadioButtonPage.java:19)
at pages.RadioButtonPage.getActualResult(RadioButtonPage.java:19)
at pages.RadioButtonPage.getActualResult(RadioButtonPage.java:19)
at pages.RadioButtonPage.getActualResult(RadioButtonPage.java:19)
at pages.RadioButtonPage.getActualResult(RadioButtonPage.java:19)
at pages.RadioButtonPage.getActualResult(RadioButtonPage.java:19)
at pages.RadioButtonPage.getActualResult(RadioButtonPage.java:19)
at pages.RadioButtonPage.getActualResult(RadioButtonPage.java:19)
at pages.RadioButtonPage.getActualResult(RadioButtonPage.java:19)
at pages.RadioButtonPage.getActualResult(RadioButtonPage.java:19)
at pages.RadioButtonPage.getActualResult(RadioButtonPage.java:19)
at pages.RadioButtonPage.getActualResult(RadioButtonPage.java:19)
at pages.RadioButtonPage.getActualResult(RadioButtonPage.java:19)
at pages.RadioButtonPage.getActualResult(RadioButtonPage.java:19)
at pages.RadioButtonPage.getActualResult(RadioButtonPage.java:19)
at pages.RadioButtonPage.getActualResult(RadioButtonPage.java:19)
at pages.RadioButtonPage.getActualResult(RadioButtonPage.java:19)
at pages.RadioButtonPage.getActualResult(RadioButtonPage.java:19)
at pages.RadioButtonPage.getActualResult(RadioButtonPage.java:19)
at pages.RadioButtonPage.getActualResult(RadioButtonPage.java:19)
at pages.RadioButtonPage.getActualResult(RadioButtonPage.java:19)
at pages.RadioButtonPage.getActualResult(RadioButtonPage.java:19)
at pages.RadioButtonPage.getActualResult(RadioButtonPage.java:19)
at pages.RadioButtonPage.getActualResult(RadioButtonPage.java:19)
at pages.RadioButtonPage.getActualResult(RadioButtonPage.java:19)
at pages.RadioButtonPage.getActualResult(RadioButtonPage.java:19)
at pages.RadioButtonPage.getActualResult(RadioButtonPage.java:19)
at pages.RadioButtonPage.getActualResult(RadioButtonPage.java:19)
at pages.RadioButtonPage.getActualResult(RadioButtonPage.java:19)
at pages.RadioButtonPage.getActualResult(RadioButtonPage.java:19)
at pages.RadioButtonPage.getActualResult(RadioButtonPage.java:19)
at pages.RadioButtonPage.getActualResult(RadioButtonPage.java:19)
at pages.RadioButtonPage.getActualResult(RadioButtonPage.java:19)
at pages.RadioButtonPage.getActualResult(RadioButtonPage.java:19)
at pages.RadioButtonPage.getActualResult(RadioButtonPage.java:19)
at pages.RadioButtonPage.getActualResult(RadioButtonPage.java:19)
at pages.RadioButtonPage.getActualResult(RadioButtonPage.java:19)
at pages.RadioButtonPage.getActualResult(RadioButtonPage.java:19)
at pages.RadioButtonPage.getActualResult(RadioButtonPage.java:19)
at pages.RadioButtonPage.getActualResult(RadioButtonPage.java:19)
at pages.RadioButtonPage.getActualResult(RadioButtonPage.java:19)
at pages.RadioButtonPage.getActualResult(RadioButtonPage.java:19)
at pages.RadioButtonPage.getActualResult(RadioButtonPage.java:19)
at pages.RadioButtonPage.getActualResult(RadioButtonPage.java:19)
at pages.RadioButtonPage.getActualResult(RadioButtonPage.java:19)
at pages.RadioButtonPage.getActualResult(RadioButtonPage.java:19)
at pages.RadioButtonPage.getActualResult(RadioButtonPage.java:19)
at pages.RadioButtonPage.getActualResult(RadioButtonPage.java:19)
at pages.RadioButtonPage.getActualResult(RadioButtonPage.java:19)
at pages.RadioButtonPage.getActualResult(RadioButtonPage.java:19)
at pages.RadioButtonPage.getActualResult(RadioButtonPage.java:19)
at pages.RadioButtonPage.getActualResult(RadioButtonPage.java:19)
at pages.RadioButtonPage.getActualResult(RadioButtonPage.java:19)
at pages.RadioButtonPage.getActualResult(RadioButtonPage.java:19)
at pages.RadioButtonPage.getActualResult(RadioButtonPage.java:19)
at pages.RadioButtonPage.getActualResult(RadioButtonPage.java:19)
at pages.RadioButtonPage.getActualResult(RadioButtonPage.java:19)
at pages.RadioButtonPage.getActualResult(RadioButtonPage.java:19)
at pages.RadioButtonPage.getActualResult(RadioButtonPage.java:19)
at pages.RadioButtonPage.getActualResult(RadioButtonPage.java:19)
at pages.RadioButtonPage.getActualResult(RadioButtonPage.java:19)
at pages.RadioButtonPage.getActualResult(RadioButtonPage.java:19)
at pages.RadioButtonPage.getActualResult(RadioButtonPage.java:19)
at pages.RadioButtonPage.getActualResult(RadioButtonPage.java:19)
at pages.RadioButtonPage.getActualResult(RadioButtonPage.java:19)
at pages.RadioButtonPage.getActualResult(RadioButtonPage.java:19)
at pages.RadioButtonPage.getActualResult(RadioButtonPage.java:19)
at pages.RadioButtonPage.getActualResult(RadioButtonPage.java:19)
at pages.RadioButtonPage.getActualResult(RadioButtonPage.java:19)
at pages.RadioButtonPage.getActualResult(RadioButtonPage.java:19)
at pages.RadioButtonPage.getActualResult(RadioButtonPage.java:19)
at pages.RadioButtonPage.getActualResult(RadioButtonPage.java:19)
at pages.RadioButtonPage.getActualResult(RadioButtonPage.java:19)
at pages.RadioButtonPage.getActualResult(RadioButtonPage.java:19)
at pages.RadioButtonPage.getActualResult(RadioButtonPage.java:19)
at pages.RadioButtonPage.getActualResult(RadioButtonPage.java:19)
at pages.RadioButtonPage.getActualResult(RadioButtonPage.java:19)
at pages.RadioButtonPage.getActualResult(RadioButtonPage.java:19)
at pages.RadioButtonPage.getActualResult(RadioButtonPage.java:19)
at pages.RadioButtonPage.getActualResult(RadioButtonPage.java:19)
at pages.RadioButtonPage.getActualResult(RadioButtonPage.java:19)
at pages.RadioButtonPage.getActualResult(RadioButtonPage.java:19)
at pages.RadioButtonPage.getActualResult(RadioButtonPage.java:19)
at pages.RadioButtonPage.getActualResult(RadioButtonPage.java:19)
at pages.RadioButtonPage.getActualResult(RadioButtonPage.java:19)
at pages.RadioButtonPage.getActualResult(RadioButtonPage.java:19)
at pages.RadioButtonPage.getActualResult(RadioButtonPage.java:19)
at pages.RadioButtonPage.getActualResult(RadioButtonPage.java:19)
at pages.RadioButtonPage.getActualResult(RadioButtonPage.java:19)
at pages.RadioButtonPage.getActualResult(RadioButtonPage.java:19)
at pages.RadioButtonPage.getActualResult(RadioButtonPage.java:19)
at pages.RadioButtonPage.getActualResult(RadioButtonPage.java:19)
at pages.RadioButtonPage.getActualResult(RadioButtonPage.java:19)
at pages.RadioButtonPage.getActualResult(RadioButtonPage.java:19)
at pages.RadioButtonPage.getActualResult(RadioButtonPage.java:19)
at pages.RadioButtonPage.getActualResult(RadioButtonPage.java:19)
at pages.RadioButtonPage.getActualResult(RadioButtonPage.java:19)
at pages.RadioButtonPage.getActualResult(RadioButtonPage.java:19)
at pages.RadioButtonPage.getActualResult(RadioButtonPage.java:19)
at pages.RadioButtonPage.getActualResult(RadioButtonPage.java:19)
at pages.RadioButtonPage.getActualResult(RadioButtonPage.java:19)
at pages.RadioButtonPage.getActualResult(RadioButtonPage.java:19)
at pages.RadioButtonPage.getActualResult(RadioButtonPage.java:19)
at pages.RadioButtonPage.getActualResult(RadioButtonPage.java:19)
at pages.RadioButtonPage.getActualResult(RadioButtonPage.java:19)
at pages.RadioButtonPage.getActualResult(RadioButtonPage.java:19)
at pages.RadioButtonPage.getActualResult(RadioButtonPage.java:19)
at pages.RadioButtonPage.getActualResult(RadioButtonPage.java:19)
at pages.RadioButtonPage.getActualResult(RadioButtonPage.java:19)
at pages.RadioButtonPage.getActualResult(RadioButtonPage.java:19)
at pages.RadioButtonPage.getActualResult(RadioButtonPage.java:19)
at pages.RadioButtonPage.getActualResult(RadioButtonPage.java:19)
at pages.RadioButtonPage.getActualResult(RadioButtonPage.java:19)
at pages.RadioButtonPage.getActualResult(RadioButtonPage.java:19)
at pages.RadioButtonPage.getActualResult(RadioButtonPage.java:19)
at pages.RadioButtonPage.getActualResult(RadioButtonPage.java:19)
at pages.RadioButtonPage.getActualResult(RadioButtonPage.java:19)
at pages.RadioButtonPage.getActualResult(RadioButtonPage.java:19)
at pages.RadioButtonPage.getActualResult(RadioButtonPage.java:19)
at pages.RadioButtonPage.getActualResult(RadioButtonPage.java:19)
at pages.RadioButtonPage.getActualResult(RadioButtonPage.java:19)
at pages.RadioButtonPage.getActualResult(RadioButtonPage.java:19)
at pages.RadioButtonPage.getActualResult(RadioButtonPage.java:19)
at pages.RadioButtonPage.getActualResult(RadioButtonPage.java:19)
at pages.RadioButtonPage.getActualResult(RadioButtonPage.java:19)
at pages.RadioButtonPage.getActualResult(RadioButtonPage.java:19)
at pages.RadioButtonPage.getActualResult(RadioButtonPage.java:19)
at pages.RadioButtonPage.getActualResult(RadioButtonPage.java:19)
at pages.RadioButtonPage.getActualResult(RadioButtonPage.java:19)
at pages.RadioButtonPage.getActualResult(RadioButtonPage.java:19)
at pages.RadioButtonPage.getActualResult(RadioButtonPage.java:19)
at pages.RadioButtonPage.getActualResult(RadioButtonPage.java:19)
at pages.RadioButtonPage.getActualResult(RadioButtonPage.java:19)
at pages.RadioButtonPage.getActualResult(RadioButtonPage.java:19)
at pages.RadioButtonPage.getActualResult(RadioButtonPage.java:19)
at pages.RadioButtonPage.getActualResult(RadioButtonPage.java:19)
at pages.RadioButtonPage.getActualResult(RadioButtonPage.java:19)
at pages.RadioButtonPage.getActualResult(RadioButtonPage.java:19)
at pages.RadioButtonPage.getActualResult(RadioButtonPage.java:19)
at pages.RadioButtonPage.getActualResult(RadioButtonPage.java:19)
at pages.RadioButtonPage.getActualResult(RadioButtonPage.java:19)
at pages.RadioButtonPage.getActualResult(RadioButtonPage.java:19)
at pages.RadioButtonPage.getActualResult(RadioButtonPage.java:19)
at pages.RadioButtonPage.getActualResult(RadioButtonPage.java:19)
at pages.RadioButtonPage.getActualResult(RadioButtonPage.java:19)
at pages.RadioButtonPage.getActualResult(RadioButtonPage.java:19)
at pages.RadioButtonPage.getActualResult(RadioButtonPage.java:19)
at pages.RadioButtonPage.getActualResult(RadioButtonPage.java:19)
at pages.RadioButtonPage.getActualResult(RadioButtonPage.java:19)
at pages.RadioButtonPage.getActualResult(RadioButtonPage.java:19)
at pages.RadioButtonPage.getActualResult(RadioButtonPage.java:19)
at pages.RadioButtonPage.getActualResult(RadioButtonPage.java:19)
at pages.RadioButtonPage.getActualResult(RadioButtonPage.java:19)
at pages.RadioButtonPage.getActualResult(RadioButtonPage.java:19)
at pages.RadioButtonPage.getActualResult(RadioButtonPage.java:19)
at pages.RadioButtonPage.getActualResult(RadioButtonPage.java:19)
at pages.RadioButtonPage.getActualResult(RadioButtonPage.java:19)
at pages.RadioButtonPage.getActualResult(RadioButtonPage.java:19)
at pages.RadioButtonPage.getActualResult(RadioButtonPage.java:19)
at pages.RadioButtonPage.getActualResult(RadioButtonPage.java:19)
at pages.RadioButtonPage.getActualResult(RadioButtonPage.java:19)
at pages.RadioButtonPage.getActualResult(RadioButtonPage.java:19)
at pages.RadioButtonPage.getActualResult(RadioButtonPage.java:19)
at pages.RadioButtonPage.getActualResult(RadioButtonPage.java:19)
at pages.RadioButtonPage.getActualResult(RadioButtonPage.java:19)
at pages.RadioButtonPage.getActualResult(RadioButtonPage.java:19)
at pages.RadioButtonPage.getActualResult(RadioButtonPage.java:19)
at pages.RadioButtonPage.getActualResult(RadioButtonPage.java:19)
at pages.RadioButtonPage.getActualResult(RadioButtonPage.java:19)
at pages.RadioButtonPage.getActualResult(RadioButtonPage.java:19)
at pages.RadioButtonPage.getActualResult(RadioButtonPage.java:19)
at pages.RadioButtonPage.getActualResult(RadioButtonPage.java:19)
at pages.RadioButtonPage.getActualResult(RadioButtonPage.java:19)
at pages.RadioButtonPage.getActualResult(RadioButtonPage.java:19)
at pages.RadioButtonPage.getActualResult(RadioButtonPage.java:19)
at pages.RadioButtonPage.getActualResult(RadioButtonPage.java:19)
at pages.RadioButtonPage.getActualResult(RadioButtonPage.java:19)
at pages.RadioButtonPage.getActualResult(RadioButtonPage.java:19)
at pages.RadioButtonPage.getActualResult(RadioButtonPage.java:19)
at pages.RadioButtonPage.getActualResult(RadioButtonPage.java:19)
at pages.RadioButtonPage.getActualResult(RadioButtonPage.java:19)
at pages.RadioButtonPage.getActualResult(RadioButtonPage.java:19)
at pages.RadioButtonPage.getActualResult(RadioButtonPage.java:19)
at pages.RadioButtonPage.getActualResult(RadioButtonPage.java:19)
at pages.RadioButtonPage.getActualResult(RadioButtonPage.java:19)
at pages.RadioButtonPage.getActualResult(RadioButtonPage.java:19)
at pages.RadioButtonPage.getActualResult(RadioButtonPage.java:19)
at pages.RadioButtonPage.getActualResult(RadioButtonPage.java:19)
at pages.RadioButtonPage.getActualResult(RadioButtonPage.java:19)
at pages.RadioButtonPage.getActualResult(RadioButtonPage.java:19)
at pages.RadioButtonPage.getActualResult(RadioButtonPage.java:19)
at pages.RadioButtonPage.getActualResult(RadioButtonPage.java:19)
at pages.RadioButtonPage.getActualResult(RadioButtonPage.java:19)
at pages.RadioButtonPage.getActualResult(RadioButtonPage.java:19)
at pages.RadioButtonPage.getActualResult(RadioButtonPage.java:19)
at pages.RadioButtonPage.getActualResult(RadioButtonPage.java:19)
at pages.RadioButtonPage.getActualResult(RadioButtonPage.java:19)
at pages.RadioButtonPage.getActualResult(RadioButtonPage.java:19)
at pages.RadioButtonPage.getActualResult(RadioButtonPage.java:19)
at pages.RadioButtonPage.getActualResult(RadioButtonPage.java:19)
at pages.RadioButtonPage.getActualResult(RadioButtonPage.java:19)
at pages.RadioButtonPage.getActualResult(RadioButtonPage.java:19)
at pages.RadioButtonPage.getActualResult(RadioButtonPage.java:19)
at pages.RadioButtonPage.getActualResult(RadioButtonPage.java:19)
at pages.RadioButtonPage.getActualResult(RadioButtonPage.java:19)
at pages.RadioButtonPage.getActualResult(RadioButtonPage.java:19)
at pages.RadioButtonPage.getActualResult(RadioButtonPage.java:19)
at pages.RadioButtonPage.getActualResult(RadioButtonPage.java:19)
at pages.RadioButtonPage.getActualResult(RadioButtonPage.java:19)
at pages.RadioButtonPage.getActualResult(RadioButtonPage.java:19)
at pages.RadioButtonPage.getActualResult(RadioButtonPage.java:19)
at pages.RadioButtonPage.getActualResult(RadioButtonPage.java:19)
at pages.RadioButtonPage.getActualResult(RadioButtonPage.java:19)
at pages.RadioButtonPage.getActualResult(RadioButtonPage.java:19)
at pages.RadioButtonPage.getActualResult(RadioButtonPage.java:19)
at pages.RadioButtonPage.getActualResult(RadioButtonPage.java:19)
at pages.RadioButtonPage.getActualResult(RadioButtonPage.java:19)
at pages.RadioButtonPage.getActualResult(RadioButtonPage.java:19)
at pages.RadioButtonPage.getActualResult(RadioButtonPage.java:19)
at pages.RadioButtonPage.getActualResult(RadioButtonPage.java:19)
at pages.RadioButtonPage.getActualResult(RadioButtonPage.java:19)
at pages.RadioButtonPage.getActualResult(RadioButtonPage.java:19)
at pages.RadioButtonPage.getActualResult(RadioButtonPage.java:19)
at pages.RadioButtonPage.getActualResult(RadioButtonPage.java:19)
at pages.RadioButtonPage.getActualResult(RadioButtonPage.java:19)
at pages.RadioButtonPage.getActualResult(RadioButtonPage.java:19)
at pages.RadioButtonPage.getActualResult(RadioButtonPage.java:19)
at pages.RadioButtonPage.getActualResult(RadioButtonPage.java:19)
at pages.RadioButtonPage.getActualResult(RadioButtonPage.java:19)
at pages.RadioButtonPage.getActualResult(RadioButtonPage.java:19)
at pages.RadioButtonPage.getActualResult(RadioButtonPage.java:19)
at pages.RadioButtonPage.getActualResult(RadioButtonPage.java:19)
at pages.RadioButtonPage.getActualResult(RadioButtonPage.java:19)
at pages.RadioButtonPage.getActualResult(RadioButtonPage.java:19)
at pages.RadioButtonPage.getActualResult(RadioButtonPage.java:19)
at pages.RadioButtonPage.getActualResult(RadioButtonPage.java:19)
at pages.RadioButtonPage.getActualResult(RadioButtonPage.java:19)
at pages.RadioButtonPage.getActualResult(RadioButtonPage.java:19)
at pages.RadioButtonPage.getActualResult(RadioButtonPage.java:19)
at pages.RadioButtonPage.getActualResult(RadioButtonPage.java:19)
at pages.RadioButtonPage.getActualResult(RadioButtonPage.java:19)
at pages.RadioButtonPage.getActualResult(RadioButtonPage.java:19)
at pages.RadioButtonPage.getActualResult(RadioButtonPage.java:19)
at pages.RadioButtonPage.getActualResult(RadioButtonPage.java:19)
at pages.RadioButtonPage.getActualResult(RadioButtonPage.java:19)
at pages.RadioButtonPage.getActualResult(RadioButtonPage.java:19)
at pages.RadioButtonPage.getActualResult(RadioButtonPage.java:19)
at pages.RadioButtonPage.getActualResult(RadioButtonPage.java:19)
at pages.RadioButtonPage.getActualResult(RadioButtonPage.java:19)
at pages.RadioButtonPage.getActualResult(RadioButtonPage.java:19)
at pages.RadioButtonPage.getActualResult(RadioButtonPage.java:19)
at pages.RadioButtonPage.getActualResult(RadioButtonPage.java:19)
at pages.RadioButtonPage.getActualResult(RadioButtonPage.java:19)
at pages.RadioButtonPage.getActualResult(RadioButtonPage.java:19)
at pages.RadioButtonPage.getActualResult(RadioButtonPage.java:19)
at pages.RadioButtonPage.getActualResult(RadioButtonPage.java:19)
at pages.RadioButtonPage.getActualResult(RadioButtonPage.java:19)
at pages.RadioButtonPage.getActualResult(RadioButtonPage.java:19)
at pages.RadioButtonPage.getActualResult(RadioButtonPage.java:19)
at pages.RadioButtonPage.getActualResult(RadioButtonPage.java:19)
at pages.RadioButtonPage.getActualResult(RadioButtonPage.java:19)
at pages.RadioButtonPage.getActualResult(RadioButtonPage.java:19)
at pages.RadioButtonPage.getActualResult(RadioButtonPage.java:19)
at pages.RadioButtonPage.getActualResult(RadioButtonPage.java:19)
at pages.RadioButtonPage.getActualResult(RadioButtonPage.java:19)
at pages.RadioButtonPage.getActualResult(RadioButtonPage.java:19)
at pages.RadioButtonPage.getActualResult(RadioButtonPage.java:19)
at pages.RadioButtonPage.getActualResult(RadioButtonPage.java:19)
at pages.RadioButtonPage.getActualResult(RadioButtonPage.java:19)
at pages.RadioButtonPage.getActualResult(RadioButtonPage.java:19)
at pages.RadioButtonPage.getActualResult(RadioButtonPage.java:19)
at pages.RadioButtonPage.getActualResult(RadioButtonPage.java:19)
at pages.RadioButtonPage.getActualResult(RadioButtonPage.java:19)
at pages.RadioButtonPage.getActualResult(RadioButtonPage.java:19)
at pages.RadioButtonPage.getActualResult(RadioButtonPage.java:19)
at pages.RadioButtonPage.getActualResult(RadioButtonPage.java:19)
at pages.RadioButtonPage.getActualResult(RadioButtonPage.java:19)
at pages.RadioButtonPage.getActualResult(RadioButtonPage.java:19)
at pages.RadioButtonPage.getActualResult(RadioButtonPage.java:19)
at pages.RadioButtonPage.getActualResult(RadioButtonPage.java:19)
at pages.RadioButtonPage.getActualResult(RadioButtonPage.java:19)
at pages.RadioButtonPage.getActualResult(RadioButtonPage.java:19)
at pages.RadioButtonPage.getActualResult(RadioButtonPage.java:19)
at pages.RadioButtonPage.getActualResult(RadioButtonPage.java:19)
at pages.RadioButtonPage.getActualResult(RadioButtonPage.java:19)
at pages.RadioButtonPage.getActualResult(RadioButtonPage.java:19)
at pages.RadioButtonPage.getActualResult(RadioButtonPage.java:19)
at pages.RadioButtonPage.getActualResult(RadioButtonPage.java:19)
at pages.RadioButtonPage.getActualResult(RadioButtonPage.java:19)
at pages.RadioButtonPage.getActualResult(RadioButtonPage.java:19)
at pages.RadioButtonPage.getActualResult(RadioButtonPage.java:19)
at pages.RadioButtonPage.getActualResult(RadioButtonPage.java:19)
at pages.RadioButtonPage.getActualResult(RadioButtonPage.java:19)
at pages.RadioButtonPage.getActualResult(RadioButtonPage.java:19)
at pages.RadioButtonPage.getActualResult(RadioButtonPage.java:19)
at pages.RadioButtonPage.getActualResult(RadioButtonPage.java:19)
at pages.RadioButtonPage.getActualResult(RadioButtonPage.java:19)
at pages.RadioButtonPage.getActualResult(RadioButtonPage.java:19)
at pages.RadioButtonPage.getActualResult(RadioButtonPage.java:19)
at pages.RadioButtonPage.getActualResult(RadioButtonPage.java:19)
at pages.RadioButtonPage.getActualResult(RadioButtonPage.java:19)
at pages.RadioButtonPage.getActualResult(RadioButtonPage.java:19)
at pages.RadioButtonPage.getActualResult(RadioButtonPage.java:19)
at pages.RadioButtonPage.getActualResult(RadioButtonPage.java:19)
at pages.RadioButtonPage.getActualResult(RadioButtonPage.java:19)
at pages.RadioButtonPage.getActualResult(RadioButtonPage.java:19)
at pages.RadioButtonPage.getActualResult(RadioButtonPage.java:19)
at pages.RadioButtonPage.getActualResult(RadioButtonPage.java:19)
at pages.RadioButtonPage.getActualResult(RadioButtonPage.java:19)
at pages.RadioButtonPage.getActualResult(RadioButtonPage.java:19)
at pages.RadioButtonPage.getActualResult(RadioButtonPage.java:19)
at pages.RadioButtonPage.getActualResult(RadioButtonPage.java:19)
at pages.RadioButtonPage.getActualResult(RadioButtonPage.java:19)
at pages.RadioButtonPage.getActualResult(RadioButtonPage.java:19)
at pages.RadioButtonPage.getActualResult(RadioButtonPage.java:19)
at pages.RadioButtonPage.getActualResult(RadioButtonPage.java:19)
at pages.RadioButtonPage.getActualResult(RadioButtonPage.java:19)
at pages.RadioButtonPage.getActualResult(RadioButtonPage.java:19)
at pages.RadioButtonPage.getActualResult(RadioButtonPage.java:19)
at pages.RadioButtonPage.getActualResult(RadioButtonPage.java:19)
at pages.RadioButtonPage.getActualResult(RadioButtonPage.java:19)
at pages.RadioButtonPage.getActualResult(RadioButtonPage.java:19)
at pages.RadioButtonPage.getActualResult(RadioButtonPage.java:19)
at pages.RadioButtonPage.getActualResult(RadioButtonPage.java:19)
at pages.RadioButtonPage.getActualResult(RadioButtonPage.java:19)
at pages.RadioButtonPage.getActualResult(RadioButtonPage.java:19)
at pages.RadioButtonPage.getActualResult(RadioButtonPage.java:19)
at pages.RadioButtonPage.getActualResult(RadioButtonPage.java:19)
at pages.RadioButtonPage.getActualResult(RadioButtonPage.java:19)
at pages.RadioButtonPage.getActualResult(RadioButtonPage.java:19)
at pages.RadioButtonPage.getActualResult(RadioButtonPage.java:19)
at pages.RadioButtonPage.getActualResult(RadioButtonPage.java:19)
at pages.RadioButtonPage.getActualResult(RadioButtonPage.java:19)
at pages.RadioButtonPage.getActualResult(RadioButtonPage.java:19)
at pages.RadioButtonPage.getActualResult(RadioButtonPage.java:19)
at pages.RadioButtonPage.getActualResult(RadioButtonPage.java:19)
at pages.RadioButtonPage.getActualResult(RadioButtonPage.java:19)
at pages.RadioButtonPage.getActualResult(RadioButtonPage.java:19)
at pages.RadioButtonPage.getActualResult(RadioButtonPage.java:19)
at pages.RadioButtonPage.getActualResult(RadioButtonPage.java:19)
at pages.RadioButtonPage.getActualResult(RadioButtonPage.java:19)
at pages.RadioButtonPage.getActualResult(RadioButtonPage.java:19)
at pages.RadioButtonPage.getActualResult(RadioButtonPage.java:19)
at pages.RadioButtonPage.getActualResult(RadioButtonPage.java:19)
at pages.RadioButtonPage.getActualResult(RadioButtonPage.java:19)
at pages.RadioButtonPage.getActualResult(RadioButtonPage.java:19)
at pages.RadioButtonPage.getActualResult(RadioButtonPage.java:19)
at pages.RadioButtonPage.getActualResult(RadioButtonPage.java:19)
at pages.RadioButtonPage.getActualResult(RadioButtonPage.java:19)
at pages.RadioButtonPage.getActualResult(RadioButtonPage.java:19)
at pages.RadioButtonPage.getActualResult(RadioButtonPage.java:19)
at pages.RadioButtonPage.getActualResult(RadioButtonPage.java:19)
at pages.RadioButtonPage.getActualResult(RadioButtonPage.java:19)
at pages.RadioButtonPage.getActualResult(RadioButtonPage.java:19)
at pages.RadioButtonPage.getActualResult(RadioButtonPage.java:19)
at pages.RadioButtonPage.getActualResult(RadioButtonPage.java:19)
at pages.RadioButtonPage.getActualResult(RadioButtonPage.java:19)
at pages.RadioButtonPage.getActualResult(RadioButtonPage.java:19)
at pages.RadioButtonPage.getActualResult(RadioButtonPage.java:19)
at pages.RadioButtonPage.getActualResult(RadioButtonPage.java:19)
at pages.RadioButtonPage.getActualResult(RadioButtonPage.java:19)
at pages.RadioButtonPage.getActualResult(RadioButtonPage.java:19)
at pages.RadioButtonPage.getActualResult(RadioButtonPage.java:19)
at pages.RadioButtonPage.getActualResult(RadioButtonPage.java:19)
at pages.RadioButtonPage.getActualResult(RadioButtonPage.java:19)
at pages.RadioButtonPage.getActualResult(RadioButtonPage.java:19)
at pages.RadioButtonPage.getActualResult(RadioButtonPage.java:19)
at pages.RadioButtonPage.getActualResult(RadioButtonPage.java:19)
at pages.RadioButtonPage.getActualResult(RadioButtonPage.java:19)
at pages.RadioButtonPage.getActualResult(RadioButtonPage.java:19)
at pages.RadioButtonPage.getActualResult(RadioButtonPage.java:19)
at pages.RadioButtonPage.getActualResult(RadioButtonPage.java:19)
at pages.RadioButtonPage.getActualResult(RadioButtonPage.java:19)
at pages.RadioButtonPage.getActualResult(RadioButtonPage.java:19)
at pages.RadioButtonPage.getActualResult(RadioButtonPage.java:19)
at pages.RadioButtonPage.getActualResult(RadioButtonPage.java:19)
at pages.RadioButtonPage.getActualResult(RadioButtonPage.java:19)
at pages.RadioButtonPage.getActualResult(RadioButtonPage.java:19)
at pages.RadioButtonPage.getActualResult(RadioButtonPage.java:19)
at pages.RadioButtonPage.getActualResult(RadioButtonPage.java:19)
at pages.RadioButtonPage.getActualResult(RadioButtonPage.java:19)
at pages.RadioButtonPage.getActualResult(RadioButtonPage.java:19)
at pages.RadioButtonPage.getActualResult(RadioButtonPage.java:19)
at pages.RadioButtonPage.getActualResult(RadioButtonPage.java:19)
at pages.RadioButtonPage.getActualResult(RadioButtonPage.java:19)
at pages.RadioButtonPage.getActualResult(RadioButtonPage.java:19)
at pages.RadioButtonPage.getActualResult(RadioButtonPage.java:19)
at pages.RadioButtonPage.getActualResult(RadioButtonPage.java:19)
at pages.RadioButtonPage.getActualResult(RadioButtonPage.java:19)
at pages.RadioButtonPage.getActualResult(RadioButtonPage.java:19)
at pages.RadioButtonPage.getActualResult(RadioButtonPage.java:19)
at pages.RadioButtonPage.getActualResult(RadioButtonPage.java:19)
at pages.RadioButtonPage.getActualResult(RadioButtonPage.java:19)
at pages.RadioButtonPage.getActualResult(RadioButtonPage.java:19)
at pages.RadioButtonPage.getActualResult(RadioButtonPage.java:19)
at pages.RadioButtonPage.getActualResult(RadioButtonPage.java:19)
at pages.RadioButtonPage.getActualResult(RadioButtonPage.java:19)
at pages.RadioButtonPage.getActualResult(RadioButtonPage.java:19)
at pages.RadioButtonPage.getActualResult(RadioButtonPage.java:19)
at pages.RadioButtonPage.getActualResult(RadioButtonPage.java:19)
at pages.RadioButtonPage.getActualResult(RadioButtonPage.java:19)
at pages.RadioButtonPage.getActualResult(RadioButtonPage.java:19)
at pages.RadioButtonPage.getActualResult(RadioButtonPage.java:19)
at pages.RadioButtonPage.getActualResult(RadioButtonPage.java:19)
at pages.RadioButtonPage.getActualResult(RadioButtonPage.java:19)
at pages.RadioButtonPage.getActualResult(RadioButtonPage.java:19)
at pages.RadioButtonPage.getActualResult(RadioButtonPage.java:19)
at pages.RadioButtonPage.getActualResult(RadioButtonPage.java:19)
at pages.RadioButtonPage.getActualResult(RadioButtonPage.java:19)
at pages.RadioButtonPage.getActualResult(RadioButtonPage.java:19)
at pages.RadioButtonPage.getActualResult(RadioButtonPage.java:19)
at pages.RadioButtonPage.getActualResult(RadioButtonPage.java:19)
at pages.RadioButtonPage.getActualResult(RadioButtonPage.java:19)
at pages.RadioButtonPage.getActualResult(RadioButtonPage.java:19)
at pages.RadioButtonPage.getActualResult(RadioButtonPage.java:19)
at pages.RadioButtonPage.getActualResult(RadioButtonPage.java:19)
at pages.RadioButtonPage.getActualResult(RadioButtonPage.java:19)
at pages.RadioButtonPage.getActualResult(RadioButtonPage.java:19)
at pages.RadioButtonPage.getActualResult(RadioButtonPage.java:19)
at pages.RadioButtonPage.getActualResult(RadioButtonPage.java:19)
at pages.RadioButtonPage.getActualResult(RadioButtonPage.java:19)
at pages.RadioButtonPage.getActualResult(RadioButtonPage.java:19)
at pages.RadioButtonPage.getActualResult(RadioButtonPage.java:19)
at pages.RadioButtonPage.getActualResult(RadioButtonPage.java:19)
at pages.RadioButtonPage.getActualResult(RadioButtonPage.java:19)
at pages.RadioButtonPage.getActualResult(RadioButtonPage.java:19)
at pages.RadioButtonPage.getActualResult(RadioButtonPage.java:19)
at pages.RadioButtonPage.getActualResult(RadioButtonPage.java:19)
at pages.RadioButtonPage.getActualResult(RadioButtonPage.java:19)
at pages.RadioButtonPage.getActualResult(RadioButtonPage.java:19)
at pages.RadioButtonPage.getActualResult(RadioButtonPage.java:19)
at pages.RadioButtonPage.getActualResult(RadioButtonPage.java:19)
at pages.RadioButtonPage.getActualResult(RadioButtonPage.java:19)
at pages.RadioButtonPage.getActualResult(RadioButtonPage.java:19)
at pages.RadioButtonPage.getActualResult(RadioButtonPage.java:19)
at pages.RadioButtonPage.getActualResult(RadioButtonPage.java:19)
at pages.RadioButtonPage.getActualResult(RadioButtonPage.java:19)
at pages.RadioButtonPage.getActualResult(RadioButtonPage.java:19)
at pages.RadioButtonPage.getActualResult(RadioButtonPage.java:19)
at pages.RadioButtonPage.getActualResult(RadioButtonPage.java:19)
at pages.RadioButtonPage.getActualResult(RadioButtonPage.java:19)
at pages.RadioButtonPage.getActualResult(RadioButtonPage.java:19)
at pages.RadioButtonPage.getActualResult(RadioButtonPage.java:19)
at pages.RadioButtonPage.getActualResult(RadioButtonPage.java:19)
at pages.RadioButtonPage.getActualResult(RadioButtonPage.java:19)
at pages.RadioButtonPage.getActualResult(RadioButtonPage.java:19)
at pages.RadioButtonPage.getActualResult(RadioButtonPage.java:19)
at pages.RadioButtonPage.getActualResult(RadioButtonPage.java:19)
at pages.RadioButtonPage.getActualResult(RadioButtonPage.java:19)
at pages.RadioButtonPage.getActualResult(RadioButtonPage.java:19)
at pages.RadioButtonPage.getActualResult(RadioButtonPage.java:19)
at pages.RadioButtonPage.getActualResult(RadioButtonPage.java:19)
at pages.RadioButtonPage.getActualResult(RadioButtonPage.java:19)
at pages.RadioButtonPage.getActualResult(RadioButtonPage.java:19)
at pages.RadioButtonPage.getActualResult(RadioButtonPage.java:19)
at pages.RadioButtonPage.getActualResult(RadioButtonPage.java:19)
at pages.RadioButtonPage.getActualResult(RadioButtonPage.java:19)
at pages.RadioButtonPage.getActualResult(RadioButtonPage.java:19)
at pages.RadioButtonPage.getActualResult(RadioButtonPage.java:19)
at pages.RadioButtonPage.getActualResult(RadioButtonPage.java:19)
at pages.RadioButtonPage.getActualResult(RadioButtonPage.java:19)
at pages.RadioButtonPage.getActualResult(RadioButtonPage.java:19)
at pages.RadioButtonPage.getActualResult(RadioButtonPage.java:19)
at pages.RadioButtonPage.getActualResult(RadioButtonPage.java:19)
at pages.RadioButtonPage.getActualResult(RadioButtonPage.java:19)
at pages.RadioButtonPage.getActualResult(RadioButtonPage.java:19)
at pages.RadioButtonPage.getActualResult(RadioButtonPage.java:19)
at pages.RadioButtonPage.getActualResult(RadioButtonPage.java:19)
at pages.RadioButtonPage.getActualResult(RadioButtonPage.java:19)
at pages.RadioButtonPage.getActualResult(RadioButtonPage.java:19)
at pages.RadioButtonPage.getActualResult(RadioButtonPage.java:19)
at pages.RadioButtonPage.getActualResult(RadioButtonPage.java:19)
at pages.RadioButtonPage.getActualResult(RadioButtonPage.java:19)
at pages.RadioButtonPage.getActualResult(RadioButtonPage.java:19)
at pages.RadioButtonPage.getActualResult(RadioButtonPage.java:19)
at pages.RadioButtonPage.getActualResult(RadioButtonPage.java:19)
at pages.RadioButtonPage.getActualResult(RadioButtonPage.java:19)
at pages.RadioButtonPage.getActualResult(RadioButtonPage.java:19)
at pages.RadioButtonPage.getActualResult(RadioButtonPage.java:19)
at pages.RadioButtonPage.getActualResult(RadioButtonPage.java:19)
at pages.RadioButtonPage.getActualResult(RadioButtonPage.java:19)
at pages.RadioButtonPage.getActualResult(RadioButtonPage.java:19)
at pages.RadioButtonPage.getActualResult(RadioButtonPage.java:19)
at pages.RadioButtonPage.getActualResult(RadioButtonPage.java:19)
at pages.RadioButtonPage.getActualResult(RadioButtonPage.java:19)
at pages.RadioButtonPage.getActualResult(RadioButtonPage.java:19)
at pages.RadioButtonPage.getActualResult(RadioButtonPage.java:19)
at pages.RadioButtonPage.getActualResult(RadioButtonPage.java:19)
at pages.RadioButtonPage.getActualResult(RadioButtonPage.java:19)
at pages.RadioButtonPage.getActualResult(RadioButtonPage.java:19)
at pages.RadioButtonPage.getActualResult(RadioButtonPage.java:19)
at pages.RadioButtonPage.getActualResult(RadioButtonPage.java:19)
at pages.RadioButtonPage.getActualResult(RadioButtonPage.java:19)
at pages.RadioButtonPage.getActualResult(RadioButtonPage.java:19)
at pages.RadioButtonPage.getActualResult(RadioButtonPage.java:19)
at pages.RadioButtonPage.getActualResult(RadioButtonPage.java:19)
at pages.RadioButtonPage.getActualResult(RadioButtonPage.java:19)
at pages.RadioButtonPage.getActualResult(RadioButtonPage.java:19)
at pages.RadioButtonPage.getActualResult(RadioButtonPage.java:19)
at pages.RadioButtonPage.getActualResult(RadioButtonPage.java:19)
at pages.RadioButtonPage.getActualResult(RadioButtonPage.java:19)
at pages.RadioButtonPage.getActualResult(RadioButtonPage.java:19)
at pages.RadioButtonPage.getActualResult(RadioButtonPage.java:19)
at pages.RadioButtonPage.getActualResult(RadioButtonPage.java:19)
at pages.RadioButtonPage.getActualResult(RadioButtonPage.java:19)
at pages.RadioButtonPage.getActualResult(RadioButtonPage.java:19)
at pages.RadioButtonPage.getActualResult(RadioButtonPage.java:19)
at pages.RadioButtonPage.getActualResult(RadioButtonPage.java:19)
at pages.RadioButtonPage.getActualResult(RadioButtonPage.java:19)
at pages.RadioButtonPage.getActualResult(RadioButtonPage.java:19)
at pages.RadioButtonPage.getActualResult(RadioButtonPage.java:19)
at pages.RadioButtonPage.getActualResult(RadioButtonPage.java:19)
at pages.RadioButtonPage.getActualResult(RadioButtonPage.java:19)
at pages.RadioButtonPage.getActualResult(RadioButtonPage.java:19)
at pages.RadioButtonPage.getActualResult(RadioButtonPage.java:19)
at pages.RadioButtonPage.getActualResult(RadioButtonPage.java:19)
at pages.RadioButtonPage.getActualResult(RadioButtonPage.java:19)
at pages.RadioButtonPage.getActualResult(RadioButtonPage.java:19)
at pages.RadioButtonPage.getActualResult(RadioButtonPage.java:19)
at pages.RadioButtonPage.getActualResult(RadioButtonPage.java:19)
at pages.RadioButtonPage.getActualResult(RadioButtonPage.java:19)
at pages.RadioButtonPage.getActualResult(RadioButtonPage.java:19)
at pages.RadioButtonPage.getActualResult(RadioButtonPage.java:19)
at pages.RadioButtonPage.getActualResult(RadioButtonPage.java:19)
at pages.RadioButtonPage.getActualResult(RadioButtonPage.java:19)
at pages.RadioButtonPage.getActualResult(RadioButtonPage.java:19)
at pages.RadioButtonPage.getActualResult(RadioButtonPage.java:19)
at pages.RadioButtonPage.getActualResult(RadioButtonPage.java:19)
at pages.RadioButtonPage.getActualResult(RadioButtonPage.java:19)
at pages.RadioButtonPage.getActualResult(RadioButtonPage.java:19)
at pages.RadioButtonPage.getActualResult(RadioButtonPage.java:19)
at pages.RadioButtonPage.getActualResult(RadioButtonPage.java:19)
at pages.RadioButtonPage.getActualResult(RadioButtonPage.java:19)
at pages.RadioButtonPage.getActualResult(RadioButtonPage.java:19)
at pages.RadioButtonPage.getActualResult(RadioButtonPage.java:19)
at pages.RadioButtonPage.getActualResult(RadioButtonPage.java:19)
at pages.RadioButtonPage.getActualResult(RadioButtonPage.java:19)
at pages.RadioButtonPage.getActualResult(RadioButtonPage.java:19)
at pages.RadioButtonPage.getActualResult(RadioButtonPage.java:19)
at pages.RadioButtonPage.getActualResult(RadioButtonPage.java:19)
at pages.RadioButtonPage.getActualResult(RadioButtonPage.java:19)
at pages.RadioButtonPage.getActualResult(RadioButtonPage.java:19)
at pages.RadioButtonPage.getActualResult(RadioButtonPage.java:19)
at pages.RadioButtonPage.getActualResult(RadioButtonPage.java:19)
at pages.RadioButtonPage.getActualResult(RadioButtonPage.java:19)
at pages.RadioButtonPage.getActualResult(RadioButtonPage.java:19)
at pages.RadioButtonPage.getActualResult(RadioButtonPage.java:19)
at pages.RadioButtonPage.getActualResult(RadioButtonPage.java:19)
at pages.RadioButtonPage.getActualResult(RadioButtonPage.java:19)
at pages.RadioButtonPage.getActualResult(RadioButtonPage.java:19)
at pages.RadioButtonPage.getActualResult(RadioButtonPage.java:19)
at pages.RadioButtonPage.getActualResult(RadioButtonPage.java:19)
at pages.RadioButtonPage.getActualResult(RadioButtonPage.java:19)
at pages.RadioButtonPage.getActualResult(RadioButtonPage.java:19)
at pages.RadioButtonPage.getActualResult(RadioButtonPage.java:19)
at pages.RadioButtonPage.getActualResult(RadioButtonPage.java:19)
at pages.RadioButtonPage.getActualResult(RadioButtonPage.java:19)
at pages.RadioButtonPage.getActualResult(RadioButtonPage.java:19)
at pages.RadioButtonPage.getActualResult(RadioButtonPage.java:19)
at pages.RadioButtonPage.getActualResult(RadioButtonPage.java:19)
at pages.RadioButtonPage.getActualResult(RadioButtonPage.java:19)
at pages.RadioButtonPage.getActualResult(RadioButtonPage.java:19)
at pages.RadioButtonPage.getActualResult(RadioButtonPage.java:19)
at pages.RadioButtonPage.getActualResult(RadioButtonPage.java:19)
at pages.RadioButtonPage.getActualResult(RadioButtonPage.java:19)
at pages.RadioButtonPage.getActualResult(RadioButtonPage.java:19)
at pages.RadioButtonPage.getActualResult(RadioButtonPage.java:19)
at pages.RadioButtonPage.getActualResult(RadioButtonPage.java:19)
at pages.RadioButtonPage.getActualResult(RadioButtonPage.java:19)
at pages.RadioButtonPage.getActualResult(RadioButtonPage.java:19)
at pages.RadioButtonPage.getActualResult(RadioButtonPage.java:19)
at pages.RadioButtonPage.getActualResult(RadioButtonPage.java:19)
at pages.RadioButtonPage.getActualResult(RadioButtonPage.java:19)
at pages.RadioButtonPage.getActualResult(RadioButtonPage.java:19)
at pages.RadioButtonPage.getActualResult(RadioButtonPage.java:19)
at pages.RadioButtonPage.getActualResult(RadioButtonPage.java:19)
at pages.RadioButtonPage.getActualResult(RadioButtonPage.java:19)
at pages.RadioButtonPage.getActualResult(RadioButtonPage.java:19)
at pages.RadioButtonPage.getActualResult(RadioButtonPage.java:19)
at pages.RadioButtonPage.getActualResult(RadioButtonPage.java:19)
at pages.RadioButtonPage.getActualResult(RadioButtonPage.java:19)
at pages.RadioButtonPage.getActualResult(RadioButtonPage.java:19)
at pages.RadioButtonPage.getActualResult(RadioButtonPage.java:19)
at pages.RadioButtonPage.getActualResult(RadioButtonPage.java:19)
at pages.RadioButtonPage.getActualResult(RadioButtonPage.java:19)
at pages.RadioButtonPage.getActualResult(RadioButtonPage.java:19)
at pages.RadioButtonPage.getActualResult(RadioButtonPage.java:19)
at pages.RadioButtonPage.getActualResult(RadioButtonPage.java:19)
at pages.RadioButtonPage.getActualResult(RadioButtonPage.java:19)
at pages.RadioButtonPage.getActualResult(RadioButtonPage.java:19)
at pages.RadioButtonPage.getActualResult(RadioButtonPage.java:19)
at pages.RadioButtonPage.getActualResult(RadioButtonPage.java:19)
at pages.RadioButtonPage.getActualResult(RadioButtonPage.java:19)
at pages.RadioButtonPage.getActualResult(RadioButtonPage.java:19)
at pages.RadioButtonPage.getActualResult(RadioButtonPage.java:19)
at pages.RadioButtonPage.getActualResult(RadioButtonPage.java:19)
at pages.RadioButtonPage.getActualResult(RadioButtonPage.java:19)
at pages.RadioButtonPage.getActualResult(RadioButtonPage.java:19)
at pages.RadioButtonPage.getActualResult(RadioButtonPage.java:19)
at pages.RadioButtonPage.getActualResult(RadioButtonPage.java:19)
at pages.RadioButtonPage.getActualResult(RadioButtonPage.java:19)
at pages.RadioButtonPage.getActualResult(RadioButtonPage.java:19)
at pages.RadioButtonPage.getActualResult(RadioButtonPage.java:19)
at pages.RadioButtonPage.getActualResult(RadioButtonPage.java:19)
at pages.RadioButtonPage.getActualResult(RadioButtonPage.java:19)
at pages.RadioButtonPage.getActualResult(RadioButtonPage.java:19)
at pages.RadioButtonPage.getActualResult(RadioButtonPage.java:19)
at pages.RadioButtonPage.getActualResult(RadioButtonPage.java:19)
at pages.RadioButtonPage.getActualResult(RadioButtonPage.java:19)
at pages.RadioButtonPage.getActualResult(RadioButtonPage.java:19)
at pages.RadioButtonPage.getActualResult(RadioButtonPage.java:19)
at pages.RadioButtonPage.getActualResult(RadioButtonPage.java:19)
at pages.RadioButtonPage.getActualResult(RadioButtonPage.java:19)
at pages.RadioButtonPage.getActualResult(RadioButtonPage.java:19)
at pages.RadioButtonPage.getActualResult(RadioButtonPage.java:19)
at pages.RadioButtonPage.getActualResult(RadioButtonPage.java:19)
at pages.RadioButtonPage.getActualResult(RadioButtonPage.java:19)
at pages.RadioButtonPage.getActualResult(RadioButtonPage.java:19)
at pages.RadioButtonPage.getActualResult(RadioButtonPage.java:19)
at pages.RadioButtonPage.getActualResult(RadioButtonPage.java:19)
at pages.RadioButtonPage.getActualResult(RadioButtonPage.java:19)
at pages.RadioButtonPage.getActualResult(RadioButtonPage.java:19)
at pages.RadioButtonPage.getActualResult(RadioButtonPage.java:19)
at pages.RadioButtonPage.getActualResult(RadioButtonPage.java:19)
at pages.RadioButtonPage.getActualResult(RadioButtonPage.java:19)
at pages.RadioButtonPage.getActualResult(RadioButtonPage.java:19)
at pages.RadioButtonPage.getActualResult(RadioButtonPage.java:19)
at pages.RadioButtonPage.getActualResult(RadioButtonPage.java:19)
at pages.RadioButtonPage.getActualResult(RadioButtonPage.java:19)
at pages.RadioButtonPage.getActualResult(RadioButtonPage.java:19)
at pages.RadioButtonPage.getActualResult(RadioButtonPage.java:19)
at pages.RadioButtonPage.getActualResult(RadioButtonPage.java:19)
at pages.RadioButtonPage.getActualResult(RadioButtonPage.java:19)
at pages.RadioButtonPage.getActualResult(RadioButtonPage.java:19)
at pages.RadioButtonPage.getActualResult(RadioButtonPage.java:19)
at pages.RadioButtonPage.getActualResult(RadioButtonPage.java:19)
at pages.RadioButtonPage.getActualResult(RadioButtonPage.java:19)
at pages.RadioButtonPage.getActualResult(RadioButtonPage.java:19)
at pages.RadioButtonPage.getActualResult(RadioButtonPage.java:19)
at pages.RadioButtonPage.getActualResult(RadioButtonPage.java:19)
at pages.RadioButtonPage.getActualResult(RadioButtonPage.java:19)
at pages.RadioButtonPage.getActualResult(RadioButtonPage.java:19)
at pages.RadioButtonPage.getActualResult(RadioButtonPage.java:19)
at pages.RadioButtonPage.getActualResult(RadioButtonPage.java:19)
at pages.RadioButtonPage.getActualResult(RadioButtonPage.java:19)
at pages.RadioButtonPage.getActualResult(RadioButtonPage.java:19)
at pages.RadioButtonPage.getActualResult(RadioButtonPage.java:19)
at pages.RadioButtonPage.getActualResult(RadioButtonPage.java:19)
at pages.RadioButtonPage.getActualResult(RadioButtonPage.java:19)
at pages.RadioButtonPage.getActualResult(RadioButtonPage.java:19)
at pages.RadioButtonPage.getActualResult(RadioButtonPage.java:19)
at pages.RadioButtonPage.getActualResult(RadioButtonPage.java:19)
at pages.RadioButtonPage.getActualResult(RadioButtonPage.java:19)
at pages.RadioButtonPage.getActualResult(RadioButtonPage.java:19)
at pages.RadioButtonPage.getActualResult(RadioButtonPage.java:19)
at pages.RadioButtonPage.getActualResult(RadioButtonPage.java:19)
at pages.RadioButtonPage.getActualResult(RadioButtonPage.java:19)
at pages.RadioButtonPage.getActualResult(RadioButtonPage.java:19)
at pages.RadioButtonPage.getActualResult(RadioButtonPage.java:19)
at pages.RadioButtonPage.getActualResult(RadioButtonPage.java:19)
at pages.RadioButtonPage.getActualResult(RadioButtonPage.java:19)
at pages.RadioButtonPage.getActualResult(RadioButtonPage.java:19)
at pages.RadioButtonPage.getActualResult(RadioButtonPage.java:19)
at pages.RadioButtonPage.getActualResult(RadioButtonPage.java:19)
at pages.RadioButtonPage.getActualResult(RadioButtonPage.java:19)
at pages.RadioButtonPage.getActualResult(RadioButtonPage.java:19)
at pages.RadioButtonPage.getActualResult(RadioButtonPage.java:19)
at pages.RadioButtonPage.getActualResult(RadioButtonPage.java:19)
at pages.RadioButtonPage.getActualResult(RadioButtonPage.java:19)
at pages.RadioButtonPage.getActualResult(RadioButtonPage.java:19)
at pages.RadioButtonPage.getActualResult(RadioButtonPage.java:19)
at pages.RadioButtonPage.getActualResult(RadioButtonPage.java:19)
at pages.RadioButtonPage.getActualResult(RadioButtonPage.java:19)
at pages.RadioButtonPage.getActualResult(RadioButtonPage.java:19)
at pages.RadioButtonPage.getActualResult(RadioButtonPage.java:19)
at pages.RadioButtonPage.getActualResult(RadioButtonPage.java:19)
at pages.RadioButtonPage.getActualResult(RadioButtonPage.java:19)
at pages.RadioButtonPage.getActualResult(RadioButtonPage.java:19)
at pages.RadioButtonPage.getActualResult(RadioButtonPage.java:19)
at pages.RadioButtonPage.getActualResult(RadioButtonPage.java:19)
at pages.RadioButtonPage.getActualResult(RadioButtonPage.java:19)
at pages.RadioButtonPage.getActualResult(RadioButtonPage.java:19)
at pages.RadioButtonPage.getActualResult(RadioButtonPage.java:19)
at pages.RadioButtonPage.getActualResult(RadioButtonPage.java:19)
at pages.RadioButtonPage.getActualResult(RadioButtonPage.java:19)
at pages.RadioButtonPage.getActualResult(RadioButtonPage.java:19)
at pages.RadioButtonPage.getActualResult(RadioButtonPage.java:19)
at pages.RadioButtonPage.getActualResult(RadioButtonPage.java:19)
at pages.RadioButtonPage.getActualResult(RadioButtonPage.java:19)
at pages.RadioButtonPage.getActualResult(RadioButtonPage.java:19)
at pages.RadioButtonPage.getActualResult(RadioButtonPage.java:19)
at pages.RadioButtonPage.getActualResult(RadioButtonPage.java:19)
at pages.RadioButtonPage.getActualResult(RadioButtonPage.java:19)
at pages.RadioButtonPage.getActualResult(RadioButtonPage.java:19)
at pages.RadioButtonPage.getActualResult(RadioButtonPage.java:19)
at pages.RadioButtonPage.getActualResult(RadioButtonPage.java:19)
at pages.RadioButtonPage.getActualResult(RadioButtonPage.java:19)
at pages.RadioButtonPage.getActualResult(RadioButtonPage.java:19)
at pages.RadioButtonPage.getActualResult(RadioButtonPage.java:19)
at pages.RadioButtonPage.getActualResult(RadioButtonPage.java:19)
at pages.RadioButtonPage.getActualResult(RadioButtonPage.java:19)
at pages.RadioButtonPage.getActualResult(RadioButtonPage.java:19)
at pages.RadioButtonPage.getActualResult(RadioButtonPage.java:19)
at pages.RadioButtonPage.getActualResult(RadioButtonPage.java:19)
at pages.RadioButtonPage.getActualResult(RadioButtonPage.java:19)
at pages.RadioButtonPage.getActualResult(RadioButtonPage.java:19)
at pages.RadioButtonPage.getActualResult(RadioButtonPage.java:19)
at pages.RadioButtonPage.getActualResult(RadioButtonPage.java:19)
at pages.RadioButtonPage.getActualResult(RadioButtonPage.java:19)
at pages.RadioButtonPage.getActualResult(RadioButtonPage.java:19)
at pages.RadioButtonPage.getActualResult(RadioButtonPage.java:19)
at pages.RadioButtonPage.getActualResult(RadioButtonPage.java:19)
at pages.RadioButtonPage.getActualResult(RadioButtonPage.java:19)
at pages.RadioButtonPage.getActualResult(RadioButtonPage.java:19)
at pages.RadioButtonPage.getActualResult(RadioButtonPage.java:19)
at pages.RadioButtonPage.getActualResult(RadioButtonPage.java:19)
at pages.RadioButtonPage.getActualResult(RadioButtonPage.java:19)
at pages.RadioButtonPage.getActualResult(RadioButtonPage.java:19)
at pages.RadioButtonPage.getActualResult(RadioButtonPage.java:19)
at pages.RadioButtonPage.getActualResult(RadioButtonPage.java:19)
at pages.RadioButtonPage.getActualResult(RadioButtonPage.java:19)
at pages.RadioButtonPage.getActualResult(RadioButtonPage.java:19)
at pages.RadioButtonPage.getActualResult(RadioButtonPage.java:19)
at pages.RadioButtonPage.getActualResult(RadioButtonPage.java:19)
at pages.RadioButtonPage.getActualResult(RadioButtonPage.java:19)
at pages.RadioButtonPage.getActualResult(RadioButtonPage.java:19)
at pages.RadioButtonPage.getActualResult(RadioButtonPage.java:19)
at pages.RadioButtonPage.getActualResult(RadioButtonPage.java:19)
at pages.RadioButtonPage.getActualResult(RadioButtonPage.java:19)
at pages.RadioButtonPage.getActualResult(RadioButtonPage.java:19)
at pages.RadioButtonPage.getActualResult(RadioButtonPage.java:19)
at pages.RadioButtonPage.getActualResult(RadioButtonPage.java:19)
at pages.RadioButtonPage.getActualResult(RadioButtonPage.java:19)
at pages.RadioButtonPage.getActualResult(RadioButtonPage.java:19)
at pages.RadioButtonPage.getActualResult(RadioButtonPage.java:19)
at pages.RadioButtonPage.getActualResult(RadioButtonPage.java:19)
at pages.RadioButtonPage.getActualResult(RadioButtonPage.java:19)
at pages.RadioButtonPage.getActualResult(RadioButtonPage.java:19)
at pages.RadioButtonPage.getActualResult(RadioButtonPage.java:19)
at pages.RadioButtonPage.getActualResult(RadioButtonPage.java:19)
at pages.RadioButtonPage.getActualResult(RadioButtonPage.java:19)
at pages.RadioButtonPage.getActualResult(RadioButtonPage.java:19)
at pages.RadioButtonPage.getActualResult(RadioButtonPage.java:19)
at pages.RadioButtonPage.getActualResult(RadioButtonPage.java:19)
at pages.RadioButtonPage.getActualResult(RadioButtonPage.java:19)
at pages.RadioButtonPage.getActualResult(RadioButtonPage.java:19)
at pages.RadioButtonPage.getActualResult(RadioButtonPage.java:19)
at pages.RadioButtonPage.getActualResult(RadioButtonPage.java:19)
at pages.RadioButtonPage.getActualResult(RadioButtonPage.java:19)
at pages.RadioButtonPage.getActualResult(RadioButtonPage.java:19)
at pages.RadioButtonPage.getActualResult(RadioButtonPage.java:19)
at pages.RadioButtonPage.getActualResult(RadioButtonPage.java:19)
at pages.RadioButtonPage.getActualResult(RadioButtonPage.java:19)
at pages.RadioButtonPage.getActualResult(RadioButtonPage.java:19)
at pages.RadioButtonPage.getActualResult(RadioButtonPage.java:19)
at pages.RadioButtonPage.getActualResult(RadioButtonPage.java:19)
at pages.RadioButtonPage.getActualResult(RadioButtonPage.java:19)
at pages.RadioButtonPage.getActualResult(RadioButtonPage.java:19)
at pages.RadioButtonPage.getActualResult(RadioButtonPage.java:19)
at pages.RadioButtonPage.getActualResult(RadioButtonPage.java:19)
at pages.RadioButtonPage.getActualResult(RadioButtonPage.java:19)
at pages.RadioButtonPage.getActualResult(RadioButtonPage.java:19)
at pages.RadioButtonPage.getActualResult(RadioButtonPage.java:19)
at pages.RadioButtonPage.getActualResult(RadioButtonPage.java:19)
at pages.RadioButtonPage.getActualResult(RadioButtonPage.java:19)
at pages.RadioButtonPage.getActualResult(RadioButtonPage.java:19)
at pages.RadioButtonPage.getActualResult(RadioButtonPage.java:19)
at pages.RadioButtonPage.getActualResult(RadioButtonPage.java:19)
at pages.RadioButtonPage.getActualResult(RadioButtonPage.java:19)
at pages.RadioButtonPage.getActualResult(RadioButtonPage.java:19)
at pages.RadioButtonPage.getActualResult(RadioButtonPage.java:19)
at pages.RadioButtonPage.getActualResult(RadioButtonPage.java:19)
at pages.RadioButtonPage.getActualResult(RadioButtonPage.java:19)
at pages.RadioButtonPage.getActualResult(RadioButtonPage.java:19)
at pages.RadioButtonPage.getActualResult(RadioButtonPage.java:19)
at pages.RadioButtonPage.getActualResult(RadioButtonPage.java:19)
at pages.RadioButtonPage.getActualResult(RadioButtonPage.java:19)
at pages.RadioButtonPage.getActualResult(RadioButtonPage.java:19)
at pages.RadioButtonPage.getActualResult(RadioButtonPage.java:19)
at pages.RadioButtonPage.getActualResult(RadioButtonPage.java:19)
at pages.RadioButtonPage.getActualResult(RadioButtonPage.java:19)
at pages.RadioButtonPage.getActualResult(RadioButtonPage.java:19)
at pages.RadioButtonPage.getActualResult(RadioButtonPage.java:19)
at pages.RadioButtonPage.getActualResult(RadioButtonPage.java:19)
at pages.RadioButtonPage.getActualResult(RadioButtonPage.java:19)
at pages.RadioButtonPage.getActualResult(RadioButtonPage.java:19)
at pages.RadioButtonPage.getActualResult(RadioButtonPage.java:19)
at pages.RadioButtonPage.getActualResult(RadioButtonPage.java:19)
at pages.RadioButtonPage.getActualResult(RadioButtonPage.java:19)
at pages.RadioButtonPage.getActualResult(RadioButtonPage.java:19)
at pages.RadioButtonPage.getActualResult(RadioButtonPage.java:19)
at pages.RadioButtonPage.getActualResult(RadioButtonPage.java:19)
at pages.RadioButtonPage.getActualResult(RadioButtonPage.java:19)
at pages.RadioButtonPage.getActualResult(RadioButtonPage.java:19)
at pages.RadioButtonPage.getActualResult(RadioButtonPage.java:19)
at pages.RadioButtonPage.getActualResult(RadioButtonPage.java:19)
at pages.RadioButtonPage.getActualResult(RadioButtonPage.java:19)
at pages.RadioButtonPage.getActualResult(RadioButtonPage.java:19)
at pages.RadioButtonPage.getActualResult(RadioButtonPage.java:19)
at pages.RadioButtonPage.getActualResult(RadioButtonPage.java:19)
at pages.RadioButtonPage.getActualResult(RadioButtonPage.java:19)
at pages.RadioButtonPage.getActualResult(RadioButtonPage.java:19)
at pages.RadioButtonPage.getActualResult(RadioButtonPage.java:19)
]]>
    </error>
  </testcase> <!-- testClickRadioButton -->
  <system-out/>
</testsuite> <!-- tests.RadioButtonTest -->
