<?xml version="1.0" encoding="UTF-8"?>
<!-- Generated by org.testng.reporters.JUnitReportReporter -->
<testsuite hostname="DESKTOP-O2HH490" failures="0" tests="1" name="tests.PracticeFormTest" time="9.585" errors="0" timestamp="2025-07-11T02:23:33 ICT" skipped="0">
  <testcase classname="tests.PracticeFormTest" name="submitSucessfully" time="9.585"/>
  <system-out/>
</testsuite> <!-- tests.PracticeFormTest -->
